# JRE version: OpenJDK Runtime Environment (11.0.13) (build 11.0.13+0-b1751.21-8125866)
# Java VM: OpenJDK 64-Bit Server VM (11.0.13+0-b1751.21-8125866, mixed mode, tiered, compressed oops, g1 gc, windows-amd64)
Heap:
 garbage-first heap   total 825344K, used 359303K [0x0000000080000000, 0x0000000100000000)
  region size 1024K, 3 young (3072K), 3 survivors (3072K)
 Metaspace       used 130918K, capacity 134755K, committed 134940K, reserved 1167360K
  class space    used 16342K, capacity 17751K, committed 17772K, reserved 1048576K
GC Heap History (20 events):
Event: 379.425 GC heap after
{Heap after GC invocations=117 (full 0):
 garbage-first heap   total 432128K, used 221525K [0x0000000080000000, 0x0000000100000000)
  region size 1024K, 6 young (6144K), 6 survivors (6144K)
 Metaspace       used 128324K, capacity 131981K, committed 132252K, reserved 1163264K
  class space    used 16064K, capacity 17401K, committed 17644K, reserved 1048576K
}
Event: 380.419 GC heap before
{Heap before GC invocations=117 (full 0):
 garbage-first heap   total 432128K, used 367957K [0x0000000080000000, 0x0000000100000000)
  region size 1024K, 150 young (153600K), 6 survivors (6144K)
 Metaspace       used 128515K, capacity 132215K, committed 132508K, reserved 1165312K
  class space    used 16085K, capacity 17408K, committed 17644K, reserved 1048576K
}
Event: 380.433 GC heap after
{Heap after GC invocations=118 (full 0):
 garbage-first heap   total 432128K, used 222234K [0x0000000080000000, 0x0000000100000000)
  region size 1024K, 6 young (6144K), 6 survivors (6144K)
 Metaspace       used 128515K, capacity 132215K, committed 132508K, reserved 1165312K
  class space    used 16085K, capacity 17408K, committed 17644K, reserved 1048576K
}
Event: 381.138 GC heap before
{Heap before GC invocations=118 (full 0):
 garbage-first heap   total 432128K, used 374810K [0x0000000080000000, 0x0000000100000000)
  region size 1024K, 155 young (158720K), 6 survivors (6144K)
 Metaspace       used 128639K, capacity 132331K, committed 132764K, reserved 1165312K
  class space    used 16097K, capacity 17419K, committed 17644K, reserved 1048576K
}
Event: 381.157 GC heap after
{Heap after GC invocations=119 (full 0):
 garbage-first heap   total 432128K, used 225306K [0x0000000080000000, 0x0000000100000000)
  region size 1024K, 9 young (9216K), 9 survivors (9216K)
 Metaspace       used 128639K, capacity 132331K, committed 132764K, reserved 1165312K
  class space    used 16097K, capacity 17419K, committed 17644K, reserved 1048576K
}
Event: 381.930 GC heap before
{Heap before GC invocations=119 (full 0):
 garbage-first heap   total 432128K, used 376858K [0x0000000080000000, 0x0000000100000000)
  region size 1024K, 157 young (160768K), 9 survivors (9216K)
 Metaspace       used 128738K, capacity 132361K, committed 132764K, reserved 1165312K
  class space    used 16103K, capacity 17425K, committed 17644K, reserved 1048576K
}
Event: 381.960 GC heap after
{Heap after GC invocations=120 (full 0):
 garbage-first heap   total 432128K, used 228391K [0x0000000080000000, 0x0000000100000000)
  region size 1024K, 12 young (12288K), 12 survivors (12288K)
 Metaspace       used 128738K, capacity 132361K, committed 132764K, reserved 1165312K
  class space    used 16103K, capacity 17425K, committed 17644K, reserved 1048576K
}
Event: 382.929 GC heap before
{Heap before GC invocations=120 (full 0):
 garbage-first heap   total 432128K, used 374823K [0x0000000080000000, 0x0000000100000000)
  region size 1024K, 155 young (158720K), 12 survivors (12288K)
 Metaspace       used 129283K, capacity 132980K, committed 133276K, reserved 1165312K
  class space    used 16163K, capacity 17476K, committed 17644K, reserved 1048576K
}
Event: 382.953 GC heap after
{Heap after GC invocations=121 (full 0):
 garbage-first heap   total 499712K, used 225357K [0x0000000080000000, 0x0000000100000000)
  region size 1024K, 8 young (8192K), 8 survivors (8192K)
 Metaspace       used 129283K, capacity 132980K, committed 133276K, reserved 1165312K
  class space    used 16163K, capacity 17476K, committed 17644K, reserved 1048576K
}
Event: 384.407 GC heap before
{Heap before GC invocations=121 (full 0):
 garbage-first heap   total 499712K, used 401485K [0x0000000080000000, 0x0000000100000000)
  region size 1024K, 179 young (183296K), 8 survivors (8192K)
 Metaspace       used 129436K, capacity 133166K, committed 133532K, reserved 1165312K
  class space    used 16173K, capacity 17511K, committed 17644K, reserved 1048576K
}
Event: 384.422 GC heap after
{Heap after GC invocations=122 (full 0):
 garbage-first heap   total 499712K, used 224761K [0x0000000080000000, 0x0000000100000000)
  region size 1024K, 8 young (8192K), 8 survivors (8192K)
 Metaspace       used 129436K, capacity 133166K, committed 133532K, reserved 1165312K
  class space    used 16173K, capacity 17511K, committed 17644K, reserved 1048576K
}
Event: 386.277 GC heap before
{Heap before GC invocations=122 (full 0):
 garbage-first heap   total 499712K, used 380409K [0x0000000080000000, 0x0000000100000000)
  region size 1024K, 122 young (124928K), 8 survivors (8192K)
 Metaspace       used 129997K, capacity 133722K, committed 133916K, reserved 1165312K
  class space    used 16246K, capacity 17585K, committed 17772K, reserved 1048576K
}
Event: 386.311 GC heap after
{Heap after GC invocations=123 (full 0):
 garbage-first heap   total 499712K, used 259845K [0x0000000080000000, 0x0000000100000000)
  region size 1024K, 17 young (17408K), 17 survivors (17408K)
 Metaspace       used 129997K, capacity 133722K, committed 133916K, reserved 1165312K
  class space    used 16246K, capacity 17585K, committed 17772K, reserved 1048576K
}
Event: 388.406 GC heap before
{Heap before GC invocations=124 (full 0):
 garbage-first heap   total 499712K, used 443141K [0x0000000080000000, 0x0000000100000000)
  region size 1024K, 180 young (184320K), 17 survivors (17408K)
 Metaspace       used 130504K, capacity 134282K, committed 134428K, reserved 1165312K
  class space    used 16284K, capacity 17640K, committed 17772K, reserved 1048576K
}
Event: 388.610 GC heap after
{Heap after GC invocations=125 (full 0):
 garbage-first heap   total 534528K, used 341724K [0x0000000080000000, 0x0000000100000000)
  region size 1024K, 23 young (23552K), 23 survivors (23552K)
 Metaspace       used 130504K, capacity 134282K, committed 134428K, reserved 1165312K
  class space    used 16284K, capacity 17640K, committed 17772K, reserved 1048576K
}
Event: 388.721 GC heap before
{Heap before GC invocations=125 (full 0):
 garbage-first heap   total 534528K, used 344796K [0x0000000080000000, 0x0000000100000000)
  region size 1024K, 26 young (26624K), 23 survivors (23552K)
 Metaspace       used 130504K, capacity 134282K, committed 134428K, reserved 1165312K
  class space    used 16284K, capacity 17640K, committed 17772K, reserved 1048576K
}
Event: 388.867 GC heap after
{Heap after GC invocations=126 (full 0):
 garbage-first heap   total 534528K, used 332800K [0x0000000080000000, 0x0000000100000000)
  region size 1024K, 3 young (3072K), 3 survivors (3072K)
 Metaspace       used 130504K, capacity 134282K, committed 134428K, reserved 1165312K
  class space    used 16284K, capacity 17640K, committed 17772K, reserved 1048576K
}
Event: 389.311 GC heap before
{Heap before GC invocations=126 (full 0):
 garbage-first heap   total 534528K, used 375808K [0x0000000080000000, 0x0000000100000000)
  region size 1024K, 46 young (47104K), 3 survivors (3072K)
 Metaspace       used 130506K, capacity 134282K, committed 134428K, reserved 1165312K
  class space    used 16284K, capacity 17640K, committed 17772K, reserved 1048576K
}
Event: 389.389 GC heap after
{Heap after GC invocations=127 (full 0):
 garbage-first heap   total 534528K, used 355328K [0x0000000080000000, 0x0000000100000000)
  region size 1024K, 6 young (6144K), 6 survivors (6144K)
 Metaspace       used 130506K, capacity 134282K, committed 134428K, reserved 1165312K
  class space    used 16284K, capacity 17640K, committed 17772K, reserved 1048576K
}
Event: 390.358 GC heap before
{Heap before GC invocations=127 (full 0):
 garbage-first heap   total 534528K, used 415744K [0x0000000080000000, 0x0000000100000000)
  region size 1024K, 65 young (66560K), 6 survivors (6144K)
 Metaspace       used 130918K, capacity 134755K, committed 134940K, reserved 1167360K
  class space    used 16342K, capacity 17751K, committed 17772K, reserved 1048576K
}

